2024-04-29 00:48:05.065[info] app start
2024-04-29 00:48:05.146[info] DB connection success
2024-04-29 00:48:05.158[info] Sequelize sync success
2024-04-29 00:48:09.333[error] (userService.userInfoErr) TypeError: userDao.selectOne is not a function
2024-04-29 00:49:07.923[info] app start
2024-04-29 00:49:07.999[info] DB connection success
2024-04-29 00:49:08.010[info] Sequelize sync success
2024-04-29 00:49:17.738[info] app start
2024-04-29 00:49:17.816[info] DB connection success
2024-04-29 00:49:17.830[info] Sequelize sync success
2024-04-29 00:49:21.492[debug] (userService.userInfo) {"id":1,"email":"leejhyun@naver.com","password":"password","nickname":"이정현","createdAt":"2024-04-28T09:50:55.497Z","updatedAt":"2024-04-28T09:50:55.497Z","deletedAt":null}
2024-04-29 00:49:21.493[info] (User.info.params) {}
2024-04-29 00:50:15.967[debug] (userService.userInfo) {"id":1,"email":"leejhyun@naver.com","password":"password","nickname":"이정현","createdAt":"2024-04-28T09:50:55.497Z","updatedAt":"2024-04-28T09:50:55.497Z","deletedAt":null}
2024-04-29 00:50:15.969[info] (User.info.params) {}
2024-04-29 00:50:44.177[info] app start
2024-04-29 00:50:44.268[info] DB connection success
2024-04-29 00:50:44.281[info] Sequelize sync success
2024-04-29 00:51:00.555[debug] (userService.userInfo) {"id":1,"email":"leejhyun@naver.com","password":"password","nickname":"이정현","createdAt":"2024-04-28T09:50:55.497Z","updatedAt":"2024-04-28T09:50:55.497Z","deletedAt":null}
2024-04-29 00:51:00.556[info] (User.info.params) {}
2024-04-29 00:51:13.607[debug] (userService.userInfo) {"id":1,"email":"leejhyun@naver.com","password":"password","nickname":"이정현","createdAt":"2024-04-28T09:50:55.497Z","updatedAt":"2024-04-28T09:50:55.497Z","deletedAt":null}
2024-04-29 00:51:13.608[info] (User.info.params) {}
2024-04-29 00:51:33.301[debug] (userService.userList) [{"id":1,"email":"leejhyun@naver.com","password":"password","nickname":"이정현","createdAt":"2024-04-28T09:50:55.497Z","updatedAt":"2024-04-28T09:50:55.497Z","deletedAt":null},{"id":2,"email":"leejh44351@naver.com","password":"password","nickname":"이정현2","createdAt":"2024-04-28T09:51:24.569Z","updatedAt":"2024-04-28T09:51:24.569Z","deletedAt":null},{"id":5,"email":"leejh44351@gmail.com","password":"password","nickname":"이정현3","createdAt":"2024-04-28T13:57:10.620Z","updatedAt":"2024-04-28T13:57:10.620Z","deletedAt":null},{"id":6,"email":"leejh44351@kakao.com","password":"password","nickname":"이정현4","createdAt":"2024-04-28T14:13:21.248Z","updatedAt":"2024-04-28T14:13:21.248Z","deletedAt":null}]
2024-04-29 00:51:33.303[info] (User.list.params) {"email":"","nickname":""}
2024-04-29 00:52:12.052[info] app start
2024-04-29 00:52:12.123[info] DB connection success
2024-04-29 00:52:12.144[info] Sequelize sync success
2024-04-29 00:52:31.297[info] app start
2024-04-29 00:52:31.386[info] DB connection success
2024-04-29 00:52:31.399[info] Sequelize sync success
2024-04-29 00:52:43.267[debug] (userService.userInfo) {"id":1,"email":"leejhyun@naver.com","password":"password","nickname":"이정현","createdAt":"2024-04-28T09:50:55.497Z","updatedAt":"2024-04-28T09:50:55.497Z","deletedAt":null}
2024-04-29 00:52:43.268[info] (User.info.params) {}
2024-04-29 00:52:50.706[debug] (userService.userInfo) {"id":1,"email":"leejhyun@naver.com","password":"password","nickname":"이정현","createdAt":"2024-04-28T09:50:55.497Z","updatedAt":"2024-04-28T09:50:55.497Z","deletedAt":null}
2024-04-29 00:52:50.707[info] (User.info.params) {}
2024-04-29 00:52:55.361[debug] (userService.userInfo) {"id":1,"email":"leejhyun@naver.com","password":"password","nickname":"이정현","createdAt":"2024-04-28T09:50:55.497Z","updatedAt":"2024-04-28T09:50:55.497Z","deletedAt":null}
2024-04-29 00:52:55.362[info] (User.info.params) {}
2024-04-29 00:55:05.029[info] app start
2024-04-29 00:55:05.108[info] DB connection success
2024-04-29 00:55:05.119[info] Sequelize sync success
2024-04-29 00:55:46.373[info] app start
2024-04-29 00:55:46.444[info] DB connection success
2024-04-29 00:55:46.457[info] Sequelize sync success
2024-04-29 00:55:55.068[error] (userService.userInfoErr) Error: WHERE parameter "id" has invalid "undefined" value
2024-04-29 00:56:38.164[info] app start
2024-04-29 00:56:38.237[info] DB connection success
2024-04-29 00:56:38.252[info] Sequelize sync success
2024-04-29 00:56:43.769[error] (userService.userInfoErr) Error: WHERE parameter "email" has invalid "undefined" value
2024-04-29 00:57:25.003[info] app start
2024-04-29 00:57:25.083[info] DB connection success
2024-04-29 00:57:25.099[info] Sequelize sync success
2024-04-29 00:57:53.251[info] app start
2024-04-29 00:57:53.335[info] DB connection success
2024-04-29 00:57:53.351[info] Sequelize sync success
2024-04-29 00:57:59.784[debug] (userService.userInfo) {"id":1,"email":"leejhyun@naver.com","password":"password","nickname":"이정현","createdAt":"2024-04-28T09:50:55.497Z","updatedAt":"2024-04-28T09:50:55.497Z","deletedAt":null}
2024-04-29 00:57:59.785[info] (User.info.params) {}
2024-04-29 00:58:05.019[debug] (userService.userInfo) {"id":1,"email":"leejhyun@naver.com","password":"password","nickname":"이정현","createdAt":"2024-04-28T09:50:55.497Z","updatedAt":"2024-04-28T09:50:55.497Z","deletedAt":null}
2024-04-29 00:58:05.020[info] (User.info.params) {}
2024-04-29 00:58:07.515[debug] (userService.userInfo) {"id":1,"email":"leejhyun@naver.com","password":"password","nickname":"이정현","createdAt":"2024-04-28T09:50:55.497Z","updatedAt":"2024-04-28T09:50:55.497Z","deletedAt":null}
2024-04-29 00:58:07.516[info] (User.info.params) {}
2024-04-29 01:00:05.088[info] app start
2024-04-29 01:00:05.174[info] DB connection success
2024-04-29 01:00:05.187[info] Sequelize sync success
2024-04-29 01:00:07.331[debug] (userService.userInfo) null
2024-04-29 01:00:07.332[info] (User.info.params) {"id":"4"}
2024-04-29 01:00:11.194[debug] (userService.userInfo) null
2024-04-29 01:00:11.195[info] (User.info.params) {"id":"3"}
2024-04-29 01:00:13.831[debug] (userService.userInfo) {"id":2,"email":"leejh44351@naver.com","password":"password","nickname":"이정현2","createdAt":"2024-04-28T09:51:24.569Z","updatedAt":"2024-04-28T09:51:24.569Z","deletedAt":null}
2024-04-29 01:00:13.833[info] (User.info.params) {"id":"2"}
2024-04-29 01:00:28.529[debug] (userService.userInfo) {"id":5,"email":"leejh44351@gmail.com","password":"password","nickname":"이정현3","createdAt":"2024-04-28T13:57:10.620Z","updatedAt":"2024-04-28T13:57:10.620Z","deletedAt":null}
2024-04-29 01:00:28.530[info] (User.info.params) {"id":"5"}
2024-04-29 01:00:52.466[info] app start
2024-04-29 01:00:52.547[info] DB connection success
2024-04-29 01:00:52.561[info] Sequelize sync success
2024-04-29 01:04:48.013[info] app start
2024-04-29 01:04:48.098[info] DB connection success
2024-04-29 01:04:48.110[info] Sequelize sync success
2024-04-29 01:06:11.578[info] app start
2024-04-29 01:06:11.658[info] DB connection success
2024-04-29 01:06:11.678[info] Sequelize sync success
2024-04-29 01:07:02.886[info] app start
2024-04-29 01:07:02.973[info] DB connection success
2024-04-29 01:07:02.986[info] Sequelize sync success
2024-04-29 01:08:01.421[info] app start
2024-04-29 01:08:01.491[info] DB connection success
2024-04-29 01:08:01.504[info] Sequelize sync success
2024-04-29 01:09:04.124[info] app start
2024-04-29 01:09:04.204[info] DB connection success
2024-04-29 01:09:04.220[info] Sequelize sync success
2024-04-29 01:10:25.869[info] app start
2024-04-29 01:10:25.946[info] DB connection success
2024-04-29 01:10:25.962[info] Sequelize sync success
2024-04-29 01:12:13.415[debug] (userService.userInfo) {"id":1,"email":"leejhyun@naver.com","password":"password","nickname":"이정현","createdAt":"2024-04-28T09:50:55.497Z","updatedAt":"2024-04-28T09:50:55.497Z","deletedAt":null}
2024-04-29 01:12:13.417[info] (User.info.params) {"id":"1"}
2024-04-29 01:12:17.471[debug] (userService.userInfo) {"id":2,"email":"leejh44351@naver.com","password":"password","nickname":"이정현2","createdAt":"2024-04-28T09:51:24.569Z","updatedAt":"2024-04-28T09:51:24.569Z","deletedAt":null}
2024-04-29 01:12:17.472[info] (User.info.params) {"id":"2"}
2024-04-29 01:12:20.285[debug] (userService.userInfo) {"id":1,"email":"leejhyun@naver.com","password":"password","nickname":"이정현","createdAt":"2024-04-28T09:50:55.497Z","updatedAt":"2024-04-28T09:50:55.497Z","deletedAt":null}
2024-04-29 01:12:20.286[info] (User.info.params) {"id":"1"}
2024-04-29 01:14:18.037[info] app start
2024-04-29 01:14:18.117[info] DB connection success
2024-04-29 01:14:18.137[info] Sequelize sync success
2024-04-29 01:16:29.210[info] app start
2024-04-29 01:16:29.299[info] DB connection success
2024-04-29 01:16:29.318[info] Sequelize sync success
2024-04-29 01:16:37.998[debug] (userService.userInfo) {"id":1,"email":"leejhyun@naver.com","password":"password","nickname":"이정현","createdAt":"2024-04-28T09:50:55.497Z","updatedAt":"2024-04-28T09:50:55.497Z","deletedAt":null}
2024-04-29 01:16:37.999[info] (User.info.params) {"id":"1"}
2024-04-29 01:18:25.695[info] app start
2024-04-29 01:18:25.789[info] DB connection success
2024-04-29 01:18:25.813[info] Sequelize sync success
2024-04-29 01:18:33.615[info] app start
2024-04-29 01:18:33.687[info] DB connection success
2024-04-29 01:18:33.703[info] Sequelize sync success
2024-04-29 01:18:48.507[info] app start
2024-04-29 01:18:48.587[info] DB connection success
2024-04-29 01:18:48.604[info] Sequelize sync success
2024-04-29 01:18:54.119[info] app start
2024-04-29 01:18:54.198[info] DB connection success
2024-04-29 01:18:54.212[info] Sequelize sync success
2024-04-29 01:19:02.002[info] app start
2024-04-29 01:19:02.087[info] DB connection success
2024-04-29 01:19:02.104[info] Sequelize sync success
2024-04-29 01:19:04.788[debug] (userService.userUpdate) {"updatedCount":1}
2024-04-29 01:19:04.789[info] (User.update.params) {"id":"1","email":"uvc-camp@uvc.co.kr","password":"uvc","nickname":"uvc"}
2024-04-29 01:19:11.064[debug] (userService.userInfo) {"id":1,"email":"uvc-camp@uvc.co.kr","password":"uvc","nickname":"uvc","createdAt":"2024-04-28T09:50:55.497Z","updatedAt":"2024-04-28T16:19:04.717Z","deletedAt":null}
2024-04-29 01:19:11.065[info] (User.info.params) {"id":"1"}
2024-04-29 01:20:25.344[info] app start
2024-04-29 01:20:25.424[info] DB connection success
2024-04-29 01:20:25.438[info] Sequelize sync success
2024-04-29 01:20:39.290[debug] (userService.userUpdate) {"updatedCount":1}
2024-04-29 01:20:39.292[info] (User.update.params) {"id":"1","email":"uvc-camp@uvc.com","password":"uuu","nickname":"aaa"}
2024-04-29 01:25:43.672[info] app start
2024-04-29 01:25:43.750[info] DB connection success
2024-04-29 01:25:43.766[info] Sequelize sync success
2024-04-29 01:28:46.793[info] app start
2024-04-29 01:28:46.870[info] DB connection success
2024-04-29 01:28:46.881[info] Sequelize sync success
2024-04-29 01:30:26.571[info] app start
2024-04-29 01:30:26.653[info] DB connection success
2024-04-29 01:30:26.671[info] Sequelize sync success
2024-04-29 01:32:57.026[info] app start
2024-04-29 01:32:57.108[info] DB connection success
2024-04-29 01:32:57.119[info] Sequelize sync success
2024-04-29 01:33:05.634[info] app start
2024-04-29 01:33:05.713[info] DB connection success
2024-04-29 01:33:05.729[info] Sequelize sync success
2024-04-29 01:33:32.053[info] app start
2024-04-29 01:33:32.136[info] DB connection success
2024-04-29 01:33:32.157[info] Sequelize sync success
2024-04-29 01:33:50.422[info] app start
2024-04-29 01:33:50.504[info] DB connection success
2024-04-29 01:33:50.516[info] Sequelize sync success
2024-04-29 01:34:46.159[debug] (userService.userDelete) {"deletedCount":1}
2024-04-29 01:34:46.160[info] (User.delete.params) {"id":"1"}
2024-04-29 01:34:54.964[debug] (userService.userList) [{"id":2,"email":"leejh44351@naver.com","password":"password","nickname":"이정현2","createdAt":"2024-04-28T09:51:24.569Z","updatedAt":"2024-04-28T09:51:24.569Z","deletedAt":null},{"id":5,"email":"leejh44351@gmail.com","password":"password","nickname":"이정현3","createdAt":"2024-04-28T13:57:10.620Z","updatedAt":"2024-04-28T13:57:10.620Z","deletedAt":null},{"id":6,"email":"leejh44351@kakao.com","password":"password","nickname":"이정현4","createdAt":"2024-04-28T14:13:21.248Z","updatedAt":"2024-04-28T14:13:21.248Z","deletedAt":null}]
2024-04-29 01:34:54.965[info] (User.list.params) {"email":"","nickname":""}
2024-04-29 09:05:14.506[info] app start
2024-04-29 09:05:14.698[info] DB connection success
2024-04-29 09:05:14.722[info] Sequelize sync success
2024-04-29 09:05:59.090[info] (User.reg.params) {"email":"leejh9810@naver.com","password":"gogogo","nickname":"asdc"}
2024-04-29 09:05:59.093[debug] (userService.makePassword) "gogogo"
2024-04-29 09:05:59.192[debug] (userService.reg) {"id":7,"email":"leejh9810@naver.com","password":"spXB44LkLHAeRs5bDvLxhSjNu1AJvwK/fgzg5hkMSn9Aw9AIb0PZXak90quN/ptPFmyYKYVfT0D+D94RToc4Wg==.753745487103bf7594fa83f8d84900b8f1d39b6df8188126ae69aa69367f4dc00afa570013aaf04bb5ff4672f2a58c9406753d31ec015bf2449b2fb6be02962e","nickname":"asdc","updatedAt":"2024-04-29T00:05:59.095Z","createdAt":"2024-04-29T00:05:59.095Z","deletedAt":null}
2024-04-29 09:05:59.193[info] (user.reg.result): #{JSON.stringify(result)}
2024-04-29 09:36:08.239[info] app start
2024-04-29 09:36:08.760[info] DB connection success
2024-04-29 09:36:08.804[info] Sequelize sync success
2024-04-29 09:36:10.179[info] app start
2024-04-29 09:36:10.256[info] DB connection success
2024-04-29 09:36:10.267[info] Sequelize sync success
2024-04-29 09:36:44.717[info] app start
2024-04-29 09:36:44.800[info] DB connection success
2024-04-29 09:36:44.812[info] Sequelize sync success
2024-04-29 09:37:34.457[info] app start
2024-04-29 09:37:34.540[info] DB connection success
2024-04-29 09:37:34.551[info] Sequelize sync success
2024-04-29 09:44:13.325[info] app start
2024-04-29 09:44:13.414[info] DB connection success
2024-04-29 09:44:13.434[info] Sequelize sync success
2024-04-29 09:48:24.941[info] app start
2024-04-29 09:48:25.021[info] DB connection success
2024-04-29 09:48:25.032[info] Sequelize sync success
2024-04-29 09:50:04.936[info] app start
2024-04-29 09:50:05.018[info] DB connection success
2024-04-29 09:50:05.028[info] Sequelize sync success
2024-04-29 09:50:11.505[info] (auth.token.params) {"email":"leejh44351@naver.com","password":"password"}
2024-04-29 09:50:11.528[debug] (userService.login) {"id":2,"email":"leejh44351@naver.com","password":"password","nickname":"이정현2"}
2024-04-29 09:50:11.530[debug] (userService.checkPassword) false
2024-04-29 09:50:11.531[error] Error: Incorect userid or password
2024-04-29 09:50:20.963[error] Error: Unauthorized token
2024-04-29 09:50:52.732[info] (auth.token.params) {"email":"leejh44351@naver.com","password":"password"}
2024-04-29 09:50:52.760[debug] (userService.login) {"id":2,"email":"leejh44351@naver.com","password":"password","nickname":"이정현2"}
2024-04-29 09:50:52.763[debug] (userService.checkPassword) false
2024-04-29 09:50:52.764[error] Error: Incorect userid or password
2024-04-29 09:53:32.072[info] app start
2024-04-29 09:53:32.152[info] DB connection success
2024-04-29 09:53:32.163[info] Sequelize sync success
2024-04-29 09:53:33.876[info] (auth.token.params) {"email":"leejh44351@naver.com","password":"password"}
2024-04-29 09:53:33.891[debug] (userService.login) {"id":2,"email":"leejh44351@naver.com","password":"password","nickname":"이정현2"}
2024-04-29 09:53:33.896[debug] (userService.checkPassword) false
2024-04-29 09:53:33.899[error] Error: Incorect password
2024-04-29 09:53:57.912[info] (auth.token.params) {"email":"leejh9810@naver.com","password":"spXB44LkLHAeRs5bDvLxhSjNu1AJvwK/fgzg5hkMSn9Aw9AIb0PZXak90quN/ptPFmyYKYVfT0D+D94RToc4Wg==.753745487103bf7594fa83f8d84900b8f1d39b6df8188126ae69aa69367f4dc00afa570013aaf04bb5ff4672f2a58c9406753d31ec015bf2449b2fb6be02962e"}
2024-04-29 09:53:57.933[debug] (userService.login) {"id":7,"email":"leejh9810@naver.com","password":"spXB44LkLHAeRs5bDvLxhSjNu1AJvwK/fgzg5hkMSn9Aw9AIb0PZXak90quN/ptPFmyYKYVfT0D+D94RToc4Wg==.753745487103bf7594fa83f8d84900b8f1d39b6df8188126ae69aa69367f4dc00afa570013aaf04bb5ff4672f2a58c9406753d31ec015bf2449b2fb6be02962e","nickname":"asdc"}
2024-04-29 09:53:57.936[debug] (userService.checkPassword) false
2024-04-29 09:53:57.937[error] Error: Incorect password
2024-04-29 09:54:16.930[info] (auth.token.params) {"email":"leejh9810@naver.com","password":"gogogo"}
2024-04-29 09:54:16.963[debug] (userService.login) {"id":7,"email":"leejh9810@naver.com","password":"spXB44LkLHAeRs5bDvLxhSjNu1AJvwK/fgzg5hkMSn9Aw9AIb0PZXak90quN/ptPFmyYKYVfT0D+D94RToc4Wg==.753745487103bf7594fa83f8d84900b8f1d39b6df8188126ae69aa69367f4dc00afa570013aaf04bb5ff4672f2a58c9406753d31ec015bf2449b2fb6be02962e","nickname":"asdc"}
2024-04-29 09:54:16.965[debug] (userService.checkPassword) true
2024-04-29 09:54:16.968[info] (auth.token.result) {"id":7,"email":"leejh9810@naver.com","password":"spXB44LkLHAeRs5bDvLxhSjNu1AJvwK/fgzg5hkMSn9Aw9AIb0PZXak90quN/ptPFmyYKYVfT0D+D94RToc4Wg==.753745487103bf7594fa83f8d84900b8f1d39b6df8188126ae69aa69367f4dc00afa570013aaf04bb5ff4672f2a58c9406753d31ec015bf2449b2fb6be02962e","nickname":"asdc"}
2024-04-29 09:54:34.087[debug] (userService.userList) [{"id":2,"email":"leejh44351@naver.com","password":"password","nickname":"이정현2","createdAt":"2024-04-28T09:51:24.569Z","updatedAt":"2024-04-28T09:51:24.569Z","deletedAt":null},{"id":5,"email":"leejh44351@gmail.com","password":"password","nickname":"이정현3","createdAt":"2024-04-28T13:57:10.620Z","updatedAt":"2024-04-28T13:57:10.620Z","deletedAt":null},{"id":6,"email":"leejh44351@kakao.com","password":"password","nickname":"이정현4","createdAt":"2024-04-28T14:13:21.248Z","updatedAt":"2024-04-28T14:13:21.248Z","deletedAt":null},{"id":7,"email":"leejh9810@naver.com","password":"spXB44LkLHAeRs5bDvLxhSjNu1AJvwK/fgzg5hkMSn9Aw9AIb0PZXak90quN/ptPFmyYKYVfT0D+D94RToc4Wg==.753745487103bf7594fa83f8d84900b8f1d39b6df8188126ae69aa69367f4dc00afa570013aaf04bb5ff4672f2a58c9406753d31ec015bf2449b2fb6be02962e","nickname":"asdc","createdAt":"2024-04-29T00:05:59.095Z","updatedAt":"2024-04-29T00:05:59.095Z","deletedAt":null}]
2024-04-29 09:54:34.088[info] (User.list.params) {"email":"","nickname":""}
2024-04-29 10:51:39.704[info] app start
2024-04-29 10:51:39.821[info] DB connection success
2024-04-29 10:51:39.848[info] Sequelize sync success
2024-04-29 10:52:01.512[info] app start
2024-04-29 10:52:01.599[info] DB connection success
2024-04-29 10:52:01.612[info] Sequelize sync success
2024-04-29 11:41:32.306[info] app start
2024-04-29 11:41:32.401[info] DB connection success
2024-04-29 11:41:32.423[info] Sequelize sync success
2024-04-29 12:49:59.875[info] app start
2024-04-29 12:49:59.965[info] DB connection success
2024-04-29 12:49:59.978[info] Sequelize sync success
2024-04-29 13:00:40.823[info] app start
2024-04-29 13:00:40.917[info] DB connection success
2024-04-29 13:00:40.933[info] Sequelize sync success
2024-04-29 13:01:18.297[info] app start
2024-04-29 13:01:18.372[info] DB connection success
2024-04-29 13:01:18.382[info] Sequelize sync success
2024-04-29 13:02:22.953[info] app start
2024-04-29 13:02:23.156[info] DB connection success
2024-04-29 13:02:23.186[info] Sequelize sync success
2024-04-29 13:02:56.575[info] app start
2024-04-29 13:02:56.710[info] DB connection success
2024-04-29 13:02:56.722[info] Sequelize sync success
2024-04-29 13:03:28.345[info] app start
2024-04-29 13:03:28.420[info] DB connection success
2024-04-29 13:03:28.431[info] Sequelize sync success
2024-04-29 13:09:28.538[info] app start
2024-04-29 13:09:28.628[info] DB connection success
2024-04-29 13:09:28.643[info] Sequelize sync success
2024-04-29 13:15:23.134[info] app start
2024-04-29 13:15:23.209[info] DB connection success
2024-04-29 13:15:23.219[info] Sequelize sync success
2024-04-29 13:18:41.885[info] app start
2024-04-29 13:18:41.975[info] DB connection success
2024-04-29 13:18:41.994[info] Sequelize sync success
2024-04-29 13:26:58.925[info] app start
2024-04-29 13:26:59.015[info] DB connection success
2024-04-29 13:26:59.029[info] Sequelize sync success
2024-04-29 13:27:34.836[info] app start
2024-04-29 13:27:34.900[info] DB connection success
2024-04-29 13:27:34.910[info] Sequelize sync success
2024-04-29 13:48:16.124[info] app start
2024-04-29 13:48:16.213[info] DB connection success
2024-04-29 13:48:16.227[info] Sequelize sync success
2024-04-29 14:05:31.806[info] app start
2024-04-29 14:05:31.879[info] DB connection success
2024-04-29 14:05:31.890[info] Sequelize sync success
2024-04-29 14:05:45.716[info] app start
2024-04-29 14:05:45.801[info] DB connection success
2024-04-29 14:05:45.821[info] Sequelize sync success
2024-04-29 14:05:52.845[info] app start
2024-04-29 14:05:52.916[info] DB connection success
2024-04-29 14:05:52.927[info] Sequelize sync success
2024-04-29 14:08:05.426[info] app start
2024-04-29 14:08:05.523[info] DB connection success
2024-04-29 14:08:05.539[info] Sequelize sync success
2024-04-29 14:09:40.366[info] app start
2024-04-29 14:09:40.441[info] DB connection success
2024-04-29 14:09:40.452[info] Sequelize sync success
2024-04-29 14:12:21.984[info] app start
2024-04-29 14:12:22.057[info] DB connection success
2024-04-29 14:12:22.069[info] Sequelize sync success
2024-04-29 14:13:30.800[info] app start
2024-04-29 14:13:30.925[info] DB connection success
2024-04-29 14:13:30.955[info] Sequelize sync success
2024-04-29 14:13:36.141[info] app start
2024-04-29 14:13:36.225[info] DB connection success
2024-04-29 14:13:36.241[info] Sequelize sync success
2024-04-29 14:15:58.238[info] app start
2024-04-29 14:15:58.332[info] DB connection success
2024-04-29 14:15:58.349[info] Sequelize sync success
2024-04-29 14:16:11.874[info] app start
2024-04-29 14:16:11.940[info] DB connection success
2024-04-29 14:16:11.951[info] Sequelize sync success
2024-04-29 14:18:13.249[info] app start
2024-04-29 14:18:13.330[info] DB connection success
2024-04-29 14:18:13.340[info] Sequelize sync success
2024-04-29 14:20:45.430[info] app start
2024-04-29 14:20:45.499[info] DB connection success
2024-04-29 14:20:45.511[info] Sequelize sync success
2024-04-29 14:31:27.002[info] app start
2024-04-29 14:31:27.094[info] DB connection success
2024-04-29 14:31:27.116[info] Sequelize sync success
2024-04-29 14:36:31.436[info] app start
2024-04-29 14:36:31.579[info] DB connection success
2024-04-29 14:36:31.600[info] Sequelize sync success
2024-04-29 14:36:54.871[info] app start
2024-04-29 14:36:54.968[info] DB connection success
2024-04-29 14:36:54.988[info] Sequelize sync success
2024-04-29 14:36:57.808[info] app start
2024-04-29 14:36:57.938[info] DB connection success
2024-04-29 14:36:57.978[info] Sequelize sync success
2024-04-29 14:37:25.264[info] app start
2024-04-29 14:37:25.448[info] DB connection success
2024-04-29 14:37:25.467[info] Sequelize sync success
2024-04-29 14:37:45.368[info] app start
2024-04-29 14:37:45.523[info] DB connection success
2024-04-29 14:37:45.556[info] Sequelize sync success
2024-04-29 14:39:44.519[info] app start
2024-04-29 14:39:44.593[info] DB connection success
2024-04-29 14:39:44.608[info] Sequelize sync success
2024-04-29 14:40:26.080[info] app start
2024-04-29 14:40:26.157[info] DB connection success
2024-04-29 14:40:26.168[info] Sequelize sync success
2024-04-29 14:41:41.580[info] app start
2024-04-29 14:41:41.658[info] DB connection success
2024-04-29 14:41:41.674[info] Sequelize sync success
2024-04-29 14:46:18.664[info] app start
2024-04-29 14:46:18.735[info] DB connection success
2024-04-29 14:46:18.746[info] Sequelize sync success
2024-04-29 14:50:49.290[info] app start
2024-04-29 14:50:49.397[info] DB connection success
2024-04-29 14:50:49.495[error] Sequelize sync error foreign key constraint "comments_nickname_fkey" cannot be implemented
2024-04-29 14:51:20.980[info] app start
2024-04-29 14:51:21.055[info] DB connection success
2024-04-29 14:51:21.163[error] Sequelize sync error foreign key constraint "comments_nickname_fkey" cannot be implemented
2024-04-29 14:51:58.663[info] app start
2024-04-29 14:51:58.758[info] DB connection success
2024-04-29 14:51:58.817[error] Sequelize sync error foreign key constraint "comments_nickname_fkey" cannot be implemented
2024-04-29 14:52:08.679[info] app start
2024-04-29 14:52:08.768[info] DB connection success
2024-04-29 14:52:08.817[error] Sequelize sync error foreign key constraint "comments_nickname_fkey" cannot be implemented
2024-04-29 14:54:46.305[info] app start
2024-04-29 14:54:46.379[info] DB connection success
2024-04-29 14:54:46.423[error] Sequelize sync error foreign key constraint "comments_nickname_fkey" cannot be implemented
2024-04-29 14:56:13.865[info] app start
2024-04-29 14:56:13.944[info] DB connection success
2024-04-29 14:56:13.996[error] Sequelize sync error foreign key constraint "comments_nickname_fkey" cannot be implemented
2024-04-29 14:56:33.045[info] app start
2024-04-29 14:56:33.129[info] DB connection success
2024-04-29 14:56:33.176[info] Sequelize sync success
2024-04-29 14:57:53.471[info] app start
2024-04-29 14:57:53.546[info] DB connection success
2024-04-29 14:57:53.564[info] Sequelize sync success
2024-04-29 14:59:50.868[info] app start
2024-04-29 14:59:50.934[info] DB connection success
2024-04-29 14:59:50.949[info] Sequelize sync success
2024-04-29 14:59:54.480[info] app start
2024-04-29 14:59:54.555[info] DB connection success
2024-04-29 14:59:54.575[info] Sequelize sync success
2024-04-29 15:01:34.013[info] app start
2024-04-29 15:01:34.097[info] DB connection success
2024-04-29 15:01:34.118[info] Sequelize sync success
2024-04-29 15:03:23.332[info] app start
2024-04-29 15:03:23.405[info] DB connection success
2024-04-29 15:03:23.428[info] Sequelize sync success
2024-04-29 15:04:02.029[info] app start
2024-04-29 15:04:02.104[info] DB connection success
2024-04-29 15:04:02.126[info] Sequelize sync success
2024-04-29 15:04:22.600[info] app start
2024-04-29 15:04:22.674[info] DB connection success
2024-04-29 15:04:22.693[info] Sequelize sync success
2024-04-29 15:08:02.331[info] app start
2024-04-29 15:08:02.402[info] DB connection success
2024-04-29 15:08:02.417[info] Sequelize sync success
2024-04-29 15:08:09.102[info] app start
2024-04-29 15:08:09.177[info] DB connection success
2024-04-29 15:08:09.200[info] Sequelize sync success
2024-04-29 15:10:45.884[info] app start
2024-04-29 15:10:45.951[info] DB connection success
2024-04-29 15:10:45.970[info] Sequelize sync success
2024-04-29 15:13:11.737[info] app start
2024-04-29 15:13:11.809[info] DB connection success
2024-04-29 15:13:11.831[info] Sequelize sync success
2024-04-29 15:13:33.610[info] app start
2024-04-29 15:13:33.679[info] DB connection success
2024-04-29 15:13:33.695[info] Sequelize sync success
2024-04-29 15:13:35.692[info] app start
2024-04-29 15:13:35.761[info] DB connection success
2024-04-29 15:13:35.776[info] Sequelize sync success
2024-04-29 15:14:01.086[info] app start
2024-04-29 15:14:01.156[info] DB connection success
2024-04-29 15:14:01.180[info] Sequelize sync success
2024-04-29 15:14:08.416[info] app start
2024-04-29 15:14:08.480[info] DB connection success
2024-04-29 15:14:08.494[info] Sequelize sync success
2024-04-29 15:14:20.450[info] app start
2024-04-29 15:14:20.528[info] DB connection success
2024-04-29 15:14:20.547[info] Sequelize sync success
2024-04-29 15:14:38.534[info] app start
2024-04-29 15:14:38.605[info] DB connection success
2024-04-29 15:14:38.626[info] Sequelize sync success
2024-04-29 15:15:06.532[info] app start
2024-04-29 15:15:06.611[info] DB connection success
2024-04-29 15:15:06.630[info] Sequelize sync success
2024-04-29 15:15:31.619[info] app start
2024-04-29 15:15:31.694[info] DB connection success
2024-04-29 15:15:31.709[info] Sequelize sync success
2024-04-29 15:16:07.049[info] app start
2024-04-29 15:16:07.105[info] DB connection success
2024-04-29 15:16:07.129[info] Sequelize sync success
2024-04-29 15:16:38.242[info] app start
2024-04-29 15:16:38.312[info] DB connection success
2024-04-29 15:16:38.341[info] Sequelize sync success
2024-04-29 15:17:04.035[info] route/comment: [object Object]
2024-04-29 15:17:04.036[error] 이새끼 내용 입력안함ㅋㅋ Error: 내용 입력해주세요
2024-04-29 15:17:04.124[debug] commentService.reg : {"id":1,"nickname":null,"updatedAt":"2024-04-29T06:17:04.042Z","createdAt":"2024-04-29T06:17:04.042Z","email":null,"content":null,"deletedAt":null,"userId":null}
2024-04-29 15:18:10.638[info] app start
2024-04-29 15:18:10.709[info] DB connection success
2024-04-29 15:18:10.733[info] Sequelize sync success
2024-04-29 15:18:13.444[info] route/comment: [object Object]
2024-04-29 15:18:13.501[debug] commentService.reg : {"id":2,"nickname":"ㅂㅈㄷㄱ","updatedAt":"2024-04-29T06:18:13.446Z","createdAt":"2024-04-29T06:18:13.446Z","email":null,"content":null,"deletedAt":null,"userId":null}
2024-04-29 15:18:13.502[info] (comment.reg.result): {"id":2,"nickname":"ㅂㅈㄷㄱ","updatedAt":"2024-04-29T06:18:13.446Z","createdAt":"2024-04-29T06:18:13.446Z","email":null,"content":null,"deletedAt":null,"userId":null}
2024-04-29 15:18:36.485[info] app start
2024-04-29 15:18:36.575[info] DB connection success
2024-04-29 15:18:36.600[info] Sequelize sync success
2024-04-29 15:18:39.414[info] route/comment: [object Object]
2024-04-29 15:18:39.469[debug] commentService.reg : {"id":3,"nickname":"ㅂㅈㄷㄱ","updatedAt":"2024-04-29T06:18:39.416Z","createdAt":"2024-04-29T06:18:39.416Z","email":null,"content":null,"deletedAt":null,"userId":null}
2024-04-29 15:18:39.471[info] (comment.reg.result): {"id":3,"nickname":"ㅂㅈㄷㄱ","updatedAt":"2024-04-29T06:18:39.416Z","createdAt":"2024-04-29T06:18:39.416Z","email":null,"content":null,"deletedAt":null,"userId":null}
2024-04-29 15:19:13.085[info] app start
2024-04-29 15:19:13.156[info] DB connection success
2024-04-29 15:19:13.171[info] Sequelize sync success
2024-04-29 15:19:23.556[info] route/comment: [object Object]
2024-04-29 15:19:23.557[error] 이새끼 내용 입력안함ㅋㅋ Error: 내용 입력해주세요
2024-04-29 15:19:23.650[debug] commentService.reg : {"id":4,"nickname":"ㅂㅈㄷㄱ","updatedAt":"2024-04-29T06:19:23.562Z","createdAt":"2024-04-29T06:19:23.562Z","email":null,"content":null,"deletedAt":null,"userId":null}
2024-04-29 15:28:18.518[info] app start
2024-04-29 15:28:18.592[info] DB connection success
2024-04-29 15:28:18.614[info] Sequelize sync success
2024-04-29 15:28:28.221[info] app start
2024-04-29 15:28:28.293[info] DB connection success
2024-04-29 15:28:28.310[info] Sequelize sync success
2024-04-29 15:35:33.143[info] app start
2024-04-29 15:35:33.213[info] DB connection success
2024-04-29 15:35:33.262[info] Sequelize sync success
2024-04-29 15:37:30.099[info] app start
2024-04-29 15:37:30.175[info] DB connection success
2024-04-29 15:37:30.197[info] Sequelize sync success
2024-04-29 15:38:27.193[info] app start
2024-04-29 15:38:27.268[info] DB connection success
2024-04-29 15:38:27.288[info] Sequelize sync success
2024-04-29 15:38:39.685[info] app start
2024-04-29 15:38:39.757[info] DB connection success
2024-04-29 15:38:39.776[info] Sequelize sync success
2024-04-29 15:40:44.868[info] app start
2024-04-29 15:40:44.950[info] DB connection success
2024-04-29 15:40:44.967[info] Sequelize sync success
2024-04-29 15:40:58.670[info] app start
2024-04-29 15:40:58.753[info] DB connection success
2024-04-29 15:40:58.769[info] Sequelize sync success
2024-04-29 15:41:06.179[info] app start
2024-04-29 15:41:06.256[info] DB connection success
2024-04-29 15:41:06.278[info] Sequelize sync success
2024-04-29 15:43:57.782[info] app start
2024-04-29 15:43:57.879[info] DB connection success
2024-04-29 15:43:57.905[info] Sequelize sync success
2024-04-29 15:46:30.678[info] app start
2024-04-29 15:46:30.741[info] DB connection success
2024-04-29 15:46:30.765[info] Sequelize sync success
2024-04-29 15:47:25.539[debug] (commentService.commentList) []
2024-04-29 15:47:25.540[info] (Comment.list.params) {}
2024-04-29 15:49:15.814[info] route/comment: [object Object]
2024-04-29 15:49:15.899[debug] commentService.reg : {"id":1,"nickname":"영화최고","movieCode":20228797,"updatedAt":"2024-04-29T06:49:15.816Z","createdAt":"2024-04-29T06:49:15.816Z","email":null,"content":null,"deletedAt":null,"userId":null}
2024-04-29 15:49:15.900[info] (comment.reg.result): {"id":1,"nickname":"영화최고","movieCode":20228797,"updatedAt":"2024-04-29T06:49:15.816Z","createdAt":"2024-04-29T06:49:15.816Z","email":null,"content":null,"deletedAt":null,"userId":null}
2024-04-29 15:49:30.372[debug] (commentService.commentList) [{"id":1,"nickname":"영화최고","email":null,"content":null,"movieCode":20228797,"createdAt":"2024-04-29T06:49:15.816Z","updatedAt":"2024-04-29T06:49:15.816Z","deletedAt":null,"userId":null}]
2024-04-29 15:49:30.373[info] (Comment.list.params) {}
2024-04-29 15:50:52.231[info] route/comment: [object Object]
2024-04-29 15:50:52.232[error] 내용 입력안함 Error: 내용 입력해주세요
2024-04-29 15:50:52.305[debug] commentService.reg : {"id":2,"nickname":"영화최고","movieCode":20228797,"updatedAt":"2024-04-29T06:50:52.233Z","createdAt":"2024-04-29T06:50:52.233Z","email":null,"content":null,"deletedAt":null,"userId":null}
2024-04-29 15:51:21.920[info] app start
2024-04-29 15:51:21.993[info] DB connection success
2024-04-29 15:51:22.013[info] Sequelize sync success
2024-04-29 15:51:27.477[info] route/comment: [object Object]
2024-04-29 15:51:27.531[debug] commentService.reg : {"id":3,"nickname":"영화최고","content":"재밌게봤어요","movieCode":20228797,"updatedAt":"2024-04-29T06:51:27.478Z","createdAt":"2024-04-29T06:51:27.478Z","email":null,"deletedAt":null,"userId":null}
2024-04-29 15:51:27.535[info] (comment.reg.result): {"id":3,"nickname":"영화최고","content":"재밌게봤어요","movieCode":20228797,"updatedAt":"2024-04-29T06:51:27.478Z","createdAt":"2024-04-29T06:51:27.478Z","email":null,"deletedAt":null,"userId":null}
2024-04-29 15:51:32.921[debug] (commentService.commentList) [{"id":1,"nickname":"영화최고","email":null,"content":null,"movieCode":20228797,"createdAt":"2024-04-29T06:49:15.816Z","updatedAt":"2024-04-29T06:49:15.816Z","deletedAt":null,"userId":null},{"id":2,"nickname":"영화최고","email":null,"content":null,"movieCode":20228797,"createdAt":"2024-04-29T06:50:52.233Z","updatedAt":"2024-04-29T06:50:52.233Z","deletedAt":null,"userId":null},{"id":3,"nickname":"영화최고","email":null,"content":"재밌게봤어요","movieCode":20228797,"createdAt":"2024-04-29T06:51:27.478Z","updatedAt":"2024-04-29T06:51:27.478Z","deletedAt":null,"userId":null}]
2024-04-29 15:51:32.924[info] (Comment.list.params) {}
2024-04-29 15:55:49.700[info] app start
2024-04-29 15:55:49.782[info] DB connection success
2024-04-29 15:55:49.803[info] Sequelize sync success
2024-04-29 16:10:38.894[info] app start
2024-04-29 16:10:38.991[info] DB connection success
2024-04-29 16:10:39.014[info] Sequelize sync success
2024-04-29 16:10:50.859[info] (auth.token.params) {"email":"leejh9810@naver.com","password":"gogogo"}
2024-04-29 16:10:50.903[debug] (userService.login) {"id":7,"email":"leejh9810@naver.com","password":"spXB44LkLHAeRs5bDvLxhSjNu1AJvwK/fgzg5hkMSn9Aw9AIb0PZXak90quN/ptPFmyYKYVfT0D+D94RToc4Wg==.753745487103bf7594fa83f8d84900b8f1d39b6df8188126ae69aa69367f4dc00afa570013aaf04bb5ff4672f2a58c9406753d31ec015bf2449b2fb6be02962e","nickname":"asdc"}
2024-04-29 16:10:50.906[debug] (userService.checkPassword) true
2024-04-29 16:10:50.907[info] (auth.token.result) {"id":7,"email":"leejh9810@naver.com","password":"spXB44LkLHAeRs5bDvLxhSjNu1AJvwK/fgzg5hkMSn9Aw9AIb0PZXak90quN/ptPFmyYKYVfT0D+D94RToc4Wg==.753745487103bf7594fa83f8d84900b8f1d39b6df8188126ae69aa69367f4dc00afa570013aaf04bb5ff4672f2a58c9406753d31ec015bf2449b2fb6be02962e","nickname":"asdc"}
2024-04-29 16:11:07.842[info] route/comment: [object Object]
2024-04-29 16:11:07.842[error] 오류 이유: TypeError: logger.errror is not a function
2024-04-29 16:13:36.291[info] app start
2024-04-29 16:13:36.378[info] DB connection success
2024-04-29 16:13:36.399[info] Sequelize sync success
2024-04-29 16:13:48.571[info] route/comment: [object Object]
2024-04-29 16:13:48.572[error] undefined
2024-04-29 16:13:48.675[debug] commentService.reg : {"id":4,"email":"leejh9810@naver.com","nickname":"asdc","content":"재밌게봤어요","movieCode":20228797,"updatedAt":"2024-04-29T07:13:48.576Z","createdAt":"2024-04-29T07:13:48.576Z","deletedAt":null,"userId":null}
2024-04-29 16:14:35.657[info] app start
2024-04-29 16:14:35.736[info] DB connection success
2024-04-29 16:14:35.755[info] Sequelize sync success
2024-04-29 16:14:48.724[info] app start
2024-04-29 16:14:48.802[info] DB connection success
2024-04-29 16:14:48.826[info] Sequelize sync success
2024-04-29 16:15:27.726[debug] (userService.userList) [{"id":2,"email":"leejh44351@naver.com","password":"password","nickname":"이정현2","createdAt":"2024-04-28T09:51:24.569Z","updatedAt":"2024-04-28T09:51:24.569Z","deletedAt":null},{"id":5,"email":"leejh44351@gmail.com","password":"password","nickname":"이정현3","createdAt":"2024-04-28T13:57:10.620Z","updatedAt":"2024-04-28T13:57:10.620Z","deletedAt":null},{"id":6,"email":"leejh44351@kakao.com","password":"password","nickname":"이정현4","createdAt":"2024-04-28T14:13:21.248Z","updatedAt":"2024-04-28T14:13:21.248Z","deletedAt":null},{"id":7,"email":"leejh9810@naver.com","password":"spXB44LkLHAeRs5bDvLxhSjNu1AJvwK/fgzg5hkMSn9Aw9AIb0PZXak90quN/ptPFmyYKYVfT0D+D94RToc4Wg==.753745487103bf7594fa83f8d84900b8f1d39b6df8188126ae69aa69367f4dc00afa570013aaf04bb5ff4672f2a58c9406753d31ec015bf2449b2fb6be02962e","nickname":"asdc","createdAt":"2024-04-29T00:05:59.095Z","updatedAt":"2024-04-29T00:05:59.095Z","deletedAt":null}]
2024-04-29 16:15:27.728[info] (User.list.params) {"email":"","nickname":""}
2024-04-29 16:15:58.856[info] route/comment: [object Object]
2024-04-29 16:15:58.857[error] undefined
2024-04-29 16:15:58.927[debug] commentService.reg : {"id":5,"email":"leejh9810@naver.com","nickname":"asdc","content":"재밌게봤어요","movieCode":20228797,"updatedAt":"2024-04-29T07:15:58.858Z","createdAt":"2024-04-29T07:15:58.858Z","deletedAt":null,"userId":null}
2024-04-29 16:19:18.132[info] app start
2024-04-29 16:19:18.201[info] DB connection success
2024-04-29 16:19:18.219[info] Sequelize sync success
2024-04-29 16:19:32.713[info] app start
2024-04-29 16:19:32.789[info] DB connection success
2024-04-29 16:19:32.809[info] Sequelize sync success
2024-04-29 16:19:37.528[debug] commentService.reg : {"id":6,"email":"leejh9810@naver.com","nickname":"asdc","content":"재밌게봤어요","movieCode":20228797,"updatedAt":"2024-04-29T07:19:37.464Z","createdAt":"2024-04-29T07:19:37.464Z","deletedAt":null,"userId":null}
2024-04-29 16:19:37.529[info] (comment.reg.result): {"id":6,"email":"leejh9810@naver.com","nickname":"asdc","content":"재밌게봤어요","movieCode":20228797,"updatedAt":"2024-04-29T07:19:37.464Z","createdAt":"2024-04-29T07:19:37.464Z","deletedAt":null,"userId":null}
2024-04-29 16:19:54.000[debug] commentService.reg : {"id":7,"email":"leejh9810@naver.com","nickname":"asdc","content":"별루에요...","movieCode":20228797,"updatedAt":"2024-04-29T07:19:53.922Z","createdAt":"2024-04-29T07:19:53.922Z","deletedAt":null,"userId":null}
2024-04-29 16:19:54.003[info] (comment.reg.result): {"id":7,"email":"leejh9810@naver.com","nickname":"asdc","content":"별루에요...","movieCode":20228797,"updatedAt":"2024-04-29T07:19:53.922Z","createdAt":"2024-04-29T07:19:53.922Z","deletedAt":null,"userId":null}
2024-04-29 16:20:41.492[info] app start
2024-04-29 16:20:41.570[info] DB connection success
2024-04-29 16:20:41.585[info] Sequelize sync success
2024-04-29 16:20:54.450[info] app start
2024-04-29 16:20:54.547[info] DB connection success
2024-04-29 16:20:54.576[info] Sequelize sync success
2024-04-29 16:23:08.872[info] app start
2024-04-29 16:23:08.947[info] DB connection success
2024-04-29 16:23:08.970[info] Sequelize sync success
2024-04-29 16:23:50.010[info] app start
2024-04-29 16:23:50.109[info] DB connection success
2024-04-29 16:23:50.138[info] Sequelize sync success
2024-04-29 16:23:59.035[info] app start
2024-04-29 16:23:59.125[info] DB connection success
2024-04-29 16:23:59.145[info] Sequelize sync success
2024-04-29 16:24:09.549[info] app start
2024-04-29 16:24:09.617[info] DB connection success
2024-04-29 16:24:09.640[info] Sequelize sync success
2024-04-29 16:25:01.592[info] app start
2024-04-29 16:25:01.671[info] DB connection success
2024-04-29 16:25:01.695[info] Sequelize sync success
2024-04-29 16:26:01.996[debug] (commentService.commentList) [{"id":1,"nickname":"영화최고","email":null,"content":null,"movieCode":20228797,"createdAt":"2024-04-29T06:49:15.816Z","updatedAt":"2024-04-29T06:49:15.816Z","deletedAt":null,"userId":null},{"id":2,"nickname":"영화최고","email":null,"content":null,"movieCode":20228797,"createdAt":"2024-04-29T06:50:52.233Z","updatedAt":"2024-04-29T06:50:52.233Z","deletedAt":null,"userId":null},{"id":3,"nickname":"영화최고","email":null,"content":"재밌게봤어요","movieCode":20228797,"createdAt":"2024-04-29T06:51:27.478Z","updatedAt":"2024-04-29T06:51:27.478Z","deletedAt":null,"userId":null},{"id":4,"nickname":"asdc","email":"leejh9810@naver.com","content":"재밌게봤어요","movieCode":20228797,"createdAt":"2024-04-29T07:13:48.576Z","updatedAt":"2024-04-29T07:13:48.576Z","deletedAt":null,"userId":null},{"id":5,"nickname":"asdc","email":"leejh9810@naver.com","content":"재밌게봤어요","movieCode":20228797,"createdAt":"2024-04-29T07:15:58.858Z","updatedAt":"2024-04-29T07:15:58.858Z","deletedAt":null,"userId":null},{"id":6,"nickname":"asdc","email":"leejh9810@naver.com","content":"재밌게봤어요","movieCode":20228797,"createdAt":"2024-04-29T07:19:37.464Z","updatedAt":"2024-04-29T07:19:37.464Z","deletedAt":null,"userId":null},{"id":7,"nickname":"asdc","email":"leejh9810@naver.com","content":"별루에요...","movieCode":20228797,"createdAt":"2024-04-29T07:19:53.922Z","updatedAt":"2024-04-29T07:19:53.922Z","deletedAt":null,"userId":null}]
2024-04-29 16:26:01.998[info] (Comment.list.params) {}
2024-04-29 16:29:13.002[info] app start
2024-04-29 16:29:13.083[info] DB connection success
2024-04-29 16:29:13.108[info] Sequelize sync success
2024-04-29 16:31:11.046[info] app start
2024-04-29 16:31:11.117[info] DB connection success
2024-04-29 16:31:11.132[info] Sequelize sync success
2024-04-29 16:31:14.178[debug] (commentService.commentList) [{"id":1,"nickname":"영화최고","email":null,"content":null,"movieCode":20228797,"createdAt":"2024-04-29T06:49:15.816Z","updatedAt":"2024-04-29T06:49:15.816Z","deletedAt":null,"userId":null},{"id":2,"nickname":"영화최고","email":null,"content":null,"movieCode":20228797,"createdAt":"2024-04-29T06:50:52.233Z","updatedAt":"2024-04-29T06:50:52.233Z","deletedAt":null,"userId":null},{"id":3,"nickname":"영화최고","email":null,"content":"재밌게봤어요","movieCode":20228797,"createdAt":"2024-04-29T06:51:27.478Z","updatedAt":"2024-04-29T06:51:27.478Z","deletedAt":null,"userId":null},{"id":4,"nickname":"asdc","email":"leejh9810@naver.com","content":"재밌게봤어요","movieCode":20228797,"createdAt":"2024-04-29T07:13:48.576Z","updatedAt":"2024-04-29T07:13:48.576Z","deletedAt":null,"userId":null},{"id":5,"nickname":"asdc","email":"leejh9810@naver.com","content":"재밌게봤어요","movieCode":20228797,"createdAt":"2024-04-29T07:15:58.858Z","updatedAt":"2024-04-29T07:15:58.858Z","deletedAt":null,"userId":null},{"id":6,"nickname":"asdc","email":"leejh9810@naver.com","content":"재밌게봤어요","movieCode":20228797,"createdAt":"2024-04-29T07:19:37.464Z","updatedAt":"2024-04-29T07:19:37.464Z","deletedAt":null,"userId":null},{"id":7,"nickname":"asdc","email":"leejh9810@naver.com","content":"별루에요...","movieCode":20228797,"createdAt":"2024-04-29T07:19:53.922Z","updatedAt":"2024-04-29T07:19:53.922Z","deletedAt":null,"userId":null}]
2024-04-29 16:32:53.010[info] app start
2024-04-29 16:32:53.078[info] DB connection success
2024-04-29 16:32:53.094[info] Sequelize sync success
2024-04-29 16:32:56.689[debug] (commentService.commentList) [{"id":1,"nickname":"영화최고","email":null,"content":null,"movieCode":20228797,"createdAt":"2024-04-29T06:49:15.816Z","updatedAt":"2024-04-29T06:49:15.816Z","deletedAt":null,"userId":null},{"id":2,"nickname":"영화최고","email":null,"content":null,"movieCode":20228797,"createdAt":"2024-04-29T06:50:52.233Z","updatedAt":"2024-04-29T06:50:52.233Z","deletedAt":null,"userId":null},{"id":3,"nickname":"영화최고","email":null,"content":"재밌게봤어요","movieCode":20228797,"createdAt":"2024-04-29T06:51:27.478Z","updatedAt":"2024-04-29T06:51:27.478Z","deletedAt":null,"userId":null},{"id":4,"nickname":"asdc","email":"leejh9810@naver.com","content":"재밌게봤어요","movieCode":20228797,"createdAt":"2024-04-29T07:13:48.576Z","updatedAt":"2024-04-29T07:13:48.576Z","deletedAt":null,"userId":null},{"id":5,"nickname":"asdc","email":"leejh9810@naver.com","content":"재밌게봤어요","movieCode":20228797,"createdAt":"2024-04-29T07:15:58.858Z","updatedAt":"2024-04-29T07:15:58.858Z","deletedAt":null,"userId":null},{"id":6,"nickname":"asdc","email":"leejh9810@naver.com","content":"재밌게봤어요","movieCode":20228797,"createdAt":"2024-04-29T07:19:37.464Z","updatedAt":"2024-04-29T07:19:37.464Z","deletedAt":null,"userId":null},{"id":7,"nickname":"asdc","email":"leejh9810@naver.com","content":"별루에요...","movieCode":20228797,"createdAt":"2024-04-29T07:19:53.922Z","updatedAt":"2024-04-29T07:19:53.922Z","deletedAt":null,"userId":null}]
2024-04-29 16:33:11.823[info] app start
2024-04-29 16:33:11.927[info] DB connection success
2024-04-29 16:33:11.955[info] Sequelize sync success
2024-04-29 16:33:24.654[info] app start
2024-04-29 16:33:24.742[info] DB connection success
2024-04-29 16:33:24.763[info] Sequelize sync success
