2024-04-26 15:58:04.625[info] app start
2024-04-26 15:59:11.113[info] app start
2024-04-26 17:45:51.890[info] app start
2024-04-26 17:45:51.979[info] DB connection success
2024-04-26 17:45:52.026[info] Sequelize sync success
2024-04-26 17:48:58.528[info] (User.reg.params) {"email":"","password":"","nickname":""}
2024-04-26 17:49:45.158[info] app start
2024-04-26 17:49:45.243[info] DB connection success
2024-04-26 17:49:45.308[info] Sequelize sync success
2024-04-26 17:51:10.738[info] (User.reg.params) {"email":"leejhyun@naver.com","password":"","nickname":""}
2024-04-26 17:55:01.227[info] app start
2024-04-26 17:55:01.312[info] DB connection success
2024-04-26 17:55:01.325[info] Sequelize sync success
2024-04-26 17:55:06.462[info] (User.reg.params) {"email":"leejhyun@naver.com","password":"","nickname":""}
2024-04-26 18:28:21.906[info] app start
2024-04-26 18:28:22.248[info] DB connection success
2024-04-26 18:28:22.279[info] Sequelize sync success
2024-04-26 18:28:41.683[info] (User.reg.params) {"email":"leejhyun@naver.com","password":"password","nickname":"이정현"}
2024-04-26 18:28:41.779[debug] (userService.reg) {"id":1,"email":"leejhyun@naver.com","password":"password","nickname":"이정현","updatedAt":"2024-04-26T09:28:41.685Z","createdAt":"2024-04-26T09:28:41.685Z","deletedAt":null}
2024-04-26 18:28:41.782[info] (user.reg.result): #{JSON.stringify(result)}
2024-04-26 18:31:54.457[info] app start
2024-04-26 18:31:54.533[info] DB connection success
2024-04-26 18:31:54.553[info] Sequelize sync success
